<?xml version="1.0" encoding="UTF-8"?>
<!-- Generated by org.testng.reporters.JUnitXMLReporter -->
<testsuite hostname="LAPTOP-EM6M5GBO" failures="1" tests="25" name="Test" time="126.3" errors="0" timestamp="31 Mar 2024 12:01:34 GMT">
  <testcase classname="org.task.DriverScript" name="testCase1" time="4.376"/>
  <testcase classname="org.task.DriverScript" name="testCase10" time="3.249"/>
  <testcase classname="org.task.DriverScript" name="testCase11" time="9.048"/>
  <testcase classname="org.task.DriverScript" name="testCase12" time="7.182"/>
  <testcase classname="org.task.DriverScript" name="testCase13" time="3.323"/>
  <testcase classname="org.task.DriverScript" name="testCase14" time="3.35"/>
  <testcase classname="org.task.DriverScript" name="testCase15" time="3.961"/>
  <testcase classname="org.task.DriverScript" name="testCase16" time="4.137"/>
  <testcase classname="org.task.DriverScript" name="testCase17" time="4.546"/>
  <testcase classname="org.task.DriverScript" name="testCase18" time="4.393"/>
  <testcase classname="org.task.DriverScript" name="testCase19" time="10.829"/>
  <testcase classname="org.task.DriverScript" name="testCase2" time="3.358"/>
  <testcase classname="org.task.DriverScript" name="testCase20" time="7.043"/>
  <testcase classname="org.task.DriverScript" name="testCase21" time="12.119">
    <failure type="org.openqa.selenium.ElementClickInterceptedException" message="element click intercepted: Element &amp;lt;button type=&amp;quot;button&amp;quot; class=&amp;quot;btn btn-block btn-lg btn-primary regBtn &amp;quot;&amp;gt;...&amp;lt;/button&amp;gt; is not clickable at point (529, 414). Other element would receive the click: &amp;lt;li class=&amp;quot;is--error&amp;quot;&amp;gt;...&amp;lt;/li&amp;gt;
  (Session info: MicrosoftEdge=123.0.2420.65)
Build info: version: &amp;apos;3.141.59&amp;apos;, revision: &amp;apos;e82be7d358&amp;apos;, time: &amp;apos;2018-11-14T08:17:03&amp;apos;
System info: host: &amp;apos;LAPTOP-EM6M5GBO&amp;apos;, ip: &amp;apos;192.168.1.2&amp;apos;, os.name: &amp;apos;Windows 11&amp;apos;, os.arch: &amp;apos;amd64&amp;apos;, os.version: &amp;apos;10.0&amp;apos;, java.version: &amp;apos;21.0.2&amp;apos;
Driver info: org.openqa.selenium.edge.EdgeDriver
Capabilities {acceptInsecureCerts: false, browserName: MicrosoftEdge, browserVersion: 123.0.2420.65, fedcm:accounts: true, javascriptEnabled: true, ms:edgeOptions: {debuggerAddress: localhost:55768}, msedge: {msedgedriverVersion: 123.0.2420.65 (49b6a5859239..., userDataDir: C:\Users\raja_\AppData\Loca...}, networkConnectionEnabled: false, pageLoadStrategy: normal, platform: WINDOWS, platformName: WINDOWS, proxy: Proxy(), setWindowRect: true, strictFileInteractability: false, timeouts: {implicit: 0, pageLoad: 300000, script: 30000}, unhandledPromptBehavior: dismiss and notify, webauthn:extension:credBlob: true, webauthn:extension:largeBlob: true, webauthn:extension:minPinLength: true, webauthn:extension:prf: true, webauthn:virtualAuthenticators: true}
Session ID: 8553885b0ea6480f27106754fa2c1e50">
      <![CDATA[org.openqa.selenium.ElementClickInterceptedException: element click intercepted: Element <button type="button" class="btn btn-block btn-lg btn-primary regBtn ">...</button> is not clickable at point (529, 414). Other element would receive the click: <li class="is--error">...</li>
  (Session info: MicrosoftEdge=123.0.2420.65)
Build info: version: '3.141.59', revision: 'e82be7d358', time: '2018-11-14T08:17:03'
System info: host: 'LAPTOP-EM6M5GBO', ip: '192.168.1.2', os.name: 'Windows 11', os.arch: 'amd64', os.version: '10.0', java.version: '21.0.2'
Driver info: org.openqa.selenium.edge.EdgeDriver
Capabilities {acceptInsecureCerts: false, browserName: MicrosoftEdge, browserVersion: 123.0.2420.65, fedcm:accounts: true, javascriptEnabled: true, ms:edgeOptions: {debuggerAddress: localhost:55768}, msedge: {msedgedriverVersion: 123.0.2420.65 (49b6a5859239..., userDataDir: C:\Users\raja_\AppData\Loca...}, networkConnectionEnabled: false, pageLoadStrategy: normal, platform: WINDOWS, platformName: WINDOWS, proxy: Proxy(), setWindowRect: true, strictFileInteractability: false, timeouts: {implicit: 0, pageLoad: 300000, script: 30000}, unhandledPromptBehavior: dismiss and notify, webauthn:extension:credBlob: true, webauthn:extension:largeBlob: true, webauthn:extension:minPinLength: true, webauthn:extension:prf: true, webauthn:virtualAuthenticators: true}
Session ID: 8553885b0ea6480f27106754fa2c1e50
	at org.openqa.selenium.remote.http.W3CHttpResponseCodec.createException(W3CHttpResponseCodec.java:187)
	at org.openqa.selenium.remote.http.W3CHttpResponseCodec.decode(W3CHttpResponseCodec.java:122)
	at org.openqa.selenium.remote.http.W3CHttpResponseCodec.decode(W3CHttpResponseCodec.java:49)
	at org.openqa.selenium.remote.HttpCommandExecutor.execute(HttpCommandExecutor.java:158)
	at org.openqa.selenium.remote.service.DriverCommandExecutor.execute(DriverCommandExecutor.java:83)
	at org.openqa.selenium.remote.RemoteWebDriver.execute(RemoteWebDriver.java:552)
	at org.openqa.selenium.remote.RemoteWebElement.execute(RemoteWebElement.java:285)
	at org.openqa.selenium.remote.RemoteWebElement.click(RemoteWebElement.java:84)
	at org.openqa.selenium.support.pagefactory.internal.LocatingElementHandler.invoke(LocatingElementHandler.java:51)
	at jdk.proxy2/jdk.proxy2.$Proxy13.click(Unknown Source)
	at org.task.BaseClass.btnClk(BaseClass.java:123)
	at org.task.DriverScript.testCase21(DriverScript.java:289)
... Removed 27 stack frames]]>
    </failure>
  </testcase> <!-- testCase21 -->
  <testcase classname="org.task.DriverScript" name="testCase22" time="4.26"/>
  <testcase classname="org.task.DriverScript" name="testCase23" time="3.954"/>
  <testcase classname="org.task.DriverScript" name="testCase24" time="3.294"/>
  <testcase classname="org.task.DriverScript" name="testCase25" time="4.135"/>
  <testcase classname="org.task.DriverScript" name="testCase3" time="4.711"/>
  <testcase classname="org.task.DriverScript" name="testCase4" time="4.617"/>
  <testcase classname="org.task.DriverScript" name="testCase5" time="3.283"/>
  <testcase classname="org.task.DriverScript" name="testCase6" time="4.263"/>
  <testcase classname="org.task.DriverScript" name="testCase7" time="3.327"/>
  <testcase classname="org.task.DriverScript" name="testCase8" time="3.209"/>
  <testcase classname="org.task.DriverScript" name="testCase9" time="3.24"/>
</testsuite> <!-- Test -->
