<?xml version="1.0" encoding="UTF-8"?>
<!-- Generated by org.testng.reporters.JUnitReportReporter -->
<testsuite hostname="LAPTOP-EM6M5GBO" failures="0" tests="25" name="org.task.DriverScript" time="123.225" errors="1" timestamp="31 Mar 2024 12:01:34 GMT">
  <testcase classname="org.task.DriverScript" name="testCase14" time="3.350"/>
  <testcase classname="org.task.DriverScript" name="testCase2" time="3.358"/>
  <testcase classname="org.task.DriverScript" name="testCase24" time="3.294"/>
  <testcase classname="org.task.DriverScript" name="testCase21" time="12.119">
    <error message="element click intercepted: Element &lt;button type=&quot;button&quot; class=&quot;btn btn-block btn-lg btn-primary regBtn &quot;&gt;...&lt;/button&gt; is not clickable at point (529, 414). Other element would receive the click: &lt;li class=&quot;is--error&quot;&gt;...&lt;/li&gt;
  (Session info: MicrosoftEdge=123.0.2420.65)
Build info: version: &#039;3.141.59&#039;, revision: &#039;e82be7d358&#039;, time: &#039;2018-11-14T08:17:03&#039;
System info: host: &#039;LAPTOP-EM6M5GBO&#039;, ip: &#039;192.168.1.2&#039;, os.name: &#039;Windows 11&#039;, os.arch: &#039;amd64&#039;, os.version: &#039;10.0&#039;, java.version: &#039;21.0.2&#039;
Driver info: org.openqa.selenium.edge.EdgeDriver
Capabilities {acceptInsecureCerts: false, browserName: MicrosoftEdge, browserVersion: 123.0.2420.65, fedcm:accounts: true, javascriptEnabled: true, ms:edgeOptions: {debuggerAddress: localhost:55768}, msedge: {msedgedriverVersion: 123.0.2420.65 (49b6a5859239..., userDataDir: C:\Users\raja_\AppData\Loca...}, networkConnectionEnabled: false, pageLoadStrategy: normal, platform: WINDOWS, platformName: WINDOWS, proxy: Proxy(), setWindowRect: true, strictFileInteractability: false, timeouts: {implicit: 0, pageLoad: 300000, script: 30000}, unhandledPromptBehavior: dismiss and notify, webauthn:extension:credBlob: true, webauthn:extension:largeBlob: true, webauthn:extension:minPinLength: true, webauthn:extension:prf: true, webauthn:virtualAuthenticators: true}
Session ID: 8553885b0ea6480f27106754fa2c1e50" type="org.openqa.selenium.ElementClickInterceptedException">
      <![CDATA[org.openqa.selenium.ElementClickInterceptedException: element click intercepted: Element <button type="button" class="btn btn-block btn-lg btn-primary regBtn ">...</button> is not clickable at point (529, 414). Other element would receive the click: <li class="is--error">...</li>
  (Session info: MicrosoftEdge=123.0.2420.65)
Build info: version: '3.141.59', revision: 'e82be7d358', time: '2018-11-14T08:17:03'
System info: host: 'LAPTOP-EM6M5GBO', ip: '192.168.1.2', os.name: 'Windows 11', os.arch: 'amd64', os.version: '10.0', java.version: '21.0.2'
Driver info: org.openqa.selenium.edge.EdgeDriver
Capabilities {acceptInsecureCerts: false, browserName: MicrosoftEdge, browserVersion: 123.0.2420.65, fedcm:accounts: true, javascriptEnabled: true, ms:edgeOptions: {debuggerAddress: localhost:55768}, msedge: {msedgedriverVersion: 123.0.2420.65 (49b6a5859239..., userDataDir: C:\Users\raja_\AppData\Loca...}, networkConnectionEnabled: false, pageLoadStrategy: normal, platform: WINDOWS, platformName: WINDOWS, proxy: Proxy(), setWindowRect: true, strictFileInteractability: false, timeouts: {implicit: 0, pageLoad: 300000, script: 30000}, unhandledPromptBehavior: dismiss and notify, webauthn:extension:credBlob: true, webauthn:extension:largeBlob: true, webauthn:extension:minPinLength: true, webauthn:extension:prf: true, webauthn:virtualAuthenticators: true}
Session ID: 8553885b0ea6480f27106754fa2c1e50
	at java.base/jdk.internal.reflect.DirectConstructorHandleAccessor.newInstance(DirectConstructorHandleAccessor.java:62)
	at java.base/java.lang.reflect.Constructor.newInstanceWithCaller(Constructor.java:502)
	at java.base/java.lang.reflect.Constructor.newInstance(Constructor.java:486)
	at org.openqa.selenium.remote.http.W3CHttpResponseCodec.createException(W3CHttpResponseCodec.java:187)
	at org.openqa.selenium.remote.http.W3CHttpResponseCodec.decode(W3CHttpResponseCodec.java:122)
	at org.openqa.selenium.remote.http.W3CHttpResponseCodec.decode(W3CHttpResponseCodec.java:49)
	at org.openqa.selenium.remote.HttpCommandExecutor.execute(HttpCommandExecutor.java:158)
	at org.openqa.selenium.remote.service.DriverCommandExecutor.execute(DriverCommandExecutor.java:83)
	at org.openqa.selenium.remote.RemoteWebDriver.execute(RemoteWebDriver.java:552)
	at org.openqa.selenium.remote.RemoteWebElement.execute(RemoteWebElement.java:285)
	at org.openqa.selenium.remote.RemoteWebElement.click(RemoteWebElement.java:84)
	at java.base/jdk.internal.reflect.DirectMethodHandleAccessor.invoke(DirectMethodHandleAccessor.java:103)
	at java.base/java.lang.reflect.Method.invoke(Method.java:580)
	at org.openqa.selenium.support.pagefactory.internal.LocatingElementHandler.invoke(LocatingElementHandler.java:51)
	at jdk.proxy2/jdk.proxy2.$Proxy13.click(Unknown Source)
	at org.task.BaseClass.btnClk(BaseClass.java:123)
	at org.task.DriverScript.testCase21(DriverScript.java:289)
	at java.base/jdk.internal.reflect.DirectMethodHandleAccessor.invoke(DirectMethodHandleAccessor.java:103)
	at java.base/java.lang.reflect.Method.invoke(Method.java:580)
	at org.testng.internal.MethodInvocationHelper.invokeMethod(MethodInvocationHelper.java:86)
	at org.testng.internal.Invoker.invokeMethod(Invoker.java:645)
	at org.testng.internal.Invoker.invokeTestMethod(Invoker.java:822)
	at org.testng.internal.Invoker.invokeTestMethods(Invoker.java:1130)
	at org.testng.internal.TestMethodWorker.invokeTestMethods(TestMethodWorker.java:129)
	at org.testng.internal.TestMethodWorker.run(TestMethodWorker.java:112)
	at org.testng.TestRunner.privateRun(TestRunner.java:782)
	at org.testng.TestRunner.run(TestRunner.java:632)
	at org.testng.SuiteRunner.runTest(SuiteRunner.java:366)
	at org.testng.SuiteRunner.runSequentially(SuiteRunner.java:361)
	at org.testng.SuiteRunner.privateRun(SuiteRunner.java:319)
	at org.testng.SuiteRunner.run(SuiteRunner.java:268)
	at org.testng.SuiteRunnerWorker.runSuite(SuiteRunnerWorker.java:52)
	at org.testng.SuiteRunnerWorker.run(SuiteRunnerWorker.java:86)
	at org.testng.TestNG.runSuitesSequentially(TestNG.java:1244)
	at org.testng.TestNG.runSuitesLocally(TestNG.java:1169)
	at org.testng.TestNG.run(TestNG.java:1064)
	at org.testng.remote.AbstractRemoteTestNG.run(AbstractRemoteTestNG.java:115)
	at org.testng.remote.RemoteTestNG.initAndRun(RemoteTestNG.java:251)
	at org.testng.remote.RemoteTestNG.main(RemoteTestNG.java:77)
]]>
    </error>
  </testcase> <!-- testCase21 -->
  <testcase classname="org.task.DriverScript" name="testCase1" time="4.376"/>
  <testcase classname="org.task.DriverScript" name="testCase19" time="10.842"/>
  <testcase classname="org.task.DriverScript" name="testCase8" time="3.209"/>
  <testcase classname="org.task.DriverScript" name="testCase23" time="3.954"/>
  <testcase classname="org.task.DriverScript" name="testCase25" time="4.135"/>
  <testcase classname="org.task.DriverScript" name="testCase11" time="9.048"/>
  <testcase classname="org.task.DriverScript" name="testCase18" time="4.394"/>
  <testcase classname="org.task.DriverScript" name="testCase20" time="7.043"/>
  <testcase classname="org.task.DriverScript" name="testCase6" time="4.263"/>
  <testcase classname="org.task.DriverScript" name="testCase16" time="4.137"/>
  <testcase classname="org.task.DriverScript" name="testCase4" time="4.617"/>
  <testcase classname="org.task.DriverScript" name="testCase9" time="3.240"/>
  <testcase classname="org.task.DriverScript" name="testCase10" time="3.249"/>
  <testcase classname="org.task.DriverScript" name="testCase22" time="4.261"/>
  <testcase classname="org.task.DriverScript" name="testCase13" time="3.323"/>
  <testcase classname="org.task.DriverScript" name="testCase7" time="3.327"/>
  <testcase classname="org.task.DriverScript" name="testCase12" time="7.185"/>
  <testcase classname="org.task.DriverScript" name="testCase5" time="3.283"/>
  <testcase classname="org.task.DriverScript" name="testCase17" time="4.546"/>
  <testcase classname="org.task.DriverScript" name="testCase3" time="4.711"/>
  <testcase classname="org.task.DriverScript" name="testCase15" time="3.961"/>
</testsuite> <!-- org.task.DriverScript -->
